  [1m[36m (15.6ms)[0m  [1mCREATE TABLE "schema_migrations" ("version" character varying NOT NULL) [0m
  [1m[35m (0.0ms)[0m  CREATE UNIQUE INDEX  "unique_schema_migrations" ON "schema_migrations"  ("version")
  [1m[36mActiveRecord::SchemaMigration Load (0.0ms)[0m  [1mSELECT "schema_migrations".* FROM "schema_migrations"[0m
Migrating to CreateIdeas (20151029105327)
  [1m[35m (0.0ms)[0m  BEGIN
  [1m[36m (15.6ms)[0m  [1mCREATE TABLE "ideas" ("id" serial primary key, "title" character varying, "text" text, "upvotes" integer, "downvotes" integer, "topic_id" integer, "approved" boolean, "date" date, "author" character varying, "created_at" timestamp NOT NULL, "updated_at" timestamp NOT NULL) [0m
  [1m[35mSQL (0.0ms)[0m  INSERT INTO "schema_migrations" ("version") VALUES ($1)  [["version", "20151029105327"]]
  [1m[36m (0.0ms)[0m  [1mCOMMIT[0m
Migrating to CreateContacts (20151029123101)
  [1m[35m (0.0ms)[0m  BEGIN
  [1m[36m (15.6ms)[0m  [1mCREATE TABLE "contacts" ("id" serial primary key, "name" character varying, "title" character varying, "message" text, "date" date, "email" character varying, "seen" boolean, "created_at" timestamp NOT NULL, "updated_at" timestamp NOT NULL) [0m
  [1m[35mSQL (0.0ms)[0m  INSERT INTO "schema_migrations" ("version") VALUES ($1)  [["version", "20151029123101"]]
  [1m[36m (0.0ms)[0m  [1mCOMMIT[0m
Migrating to AddEmailToIdeas (20151031230746)
  [1m[35m (0.0ms)[0m  BEGIN
  [1m[36m (0.0ms)[0m  [1mALTER TABLE "ideas" ADD "email" character varying[0m
  [1m[35mSQL (0.0ms)[0m  INSERT INTO "schema_migrations" ("version") VALUES ($1)  [["version", "20151031230746"]]
  [1m[36m (0.0ms)[0m  [1mCOMMIT[0m
Migrating to ChangeIdeasDefault (20151101003448)
  [1m[35m (0.0ms)[0m  BEGIN
  [1m[36m (0.0ms)[0m  [1mALTER TABLE "ideas" ALTER COLUMN "downvotes" TYPE integer[0m
  [1m[35m (0.0ms)[0m  ALTER TABLE "ideas" ALTER COLUMN "downvotes" SET DEFAULT 0
  [1m[36mSQL (0.0ms)[0m  [1mINSERT INTO "schema_migrations" ("version") VALUES ($1)[0m  [["version", "20151101003448"]]
  [1m[35m (0.0ms)[0m  COMMIT
Migrating to AddPictureToIdeas (20151104184606)
  [1m[36m (0.0ms)[0m  [1mBEGIN[0m
  [1m[35m (0.0ms)[0m  ALTER TABLE "ideas" ADD "picture" character varying
  [1m[36mSQL (0.0ms)[0m  [1mINSERT INTO "schema_migrations" ("version") VALUES ($1)[0m  [["version", "20151104184606"]]
  [1m[35m (0.0ms)[0m  COMMIT
Migrating to CreateMonthIdeas (20151109190716)
  [1m[36m (0.0ms)[0m  [1mBEGIN[0m
  [1m[35m (0.0ms)[0m  CREATE TABLE "month_ideas" ("id" serial primary key, "created_at" timestamp NOT NULL, "updated_at" timestamp NOT NULL) 
  [1m[36mSQL (0.0ms)[0m  [1mINSERT INTO "schema_migrations" ("version") VALUES ($1)[0m  [["version", "20151109190716"]]
  [1m[35m (0.0ms)[0m  COMMIT
Migrating to CreateTopics (20151111161556)
  [1m[36m (0.0ms)[0m  [1mBEGIN[0m
  [1m[35m (15.6ms)[0m  CREATE TABLE "topics" ("id" serial primary key, "name" character varying, "picture" character varying, "created_at" timestamp NOT NULL, "updated_at" timestamp NOT NULL) 
  [1m[36mSQL (0.0ms)[0m  [1mINSERT INTO "schema_migrations" ("version") VALUES ($1)[0m  [["version", "20151111161556"]]
  [1m[35m (0.0ms)[0m  COMMIT
Migrating to AddUpvotesToIdeas (20151111162208)
  [1m[36m (0.0ms)[0m  [1mBEGIN[0m
  [1m[35m (0.0ms)[0m  ALTER TABLE "ideas" ALTER COLUMN "upvotes" TYPE integer
  [1m[36m (0.0ms)[0m  [1mALTER TABLE "ideas" ALTER COLUMN "upvotes" SET DEFAULT 0[0m
  [1m[35mSQL (0.0ms)[0m  INSERT INTO "schema_migrations" ("version") VALUES ($1)  [["version", "20151111162208"]]
  [1m[36m (0.0ms)[0m  [1mCOMMIT[0m
Migrating to AddTopicIdToIdea (20151111165736)
  [1m[35m (0.0ms)[0m  BEGIN
  [1m[36m (0.0ms)[0m  [1mALTER TABLE "ideas" ALTER COLUMN "topic_id" TYPE integer[0m
  [1m[35mSQL (0.0ms)[0m  INSERT INTO "schema_migrations" ("version") VALUES ($1)  [["version", "20151111165736"]]
  [1m[36m (0.0ms)[0m  [1mCOMMIT[0m
Migrating to AddIdeaToMonthIdea (20151112115720)
  [1m[35m (0.0ms)[0m  BEGIN
  [1m[36m (0.0ms)[0m  [1mALTER TABLE "month_ideas" ADD "idea_id" integer[0m
  [1m[35m (15.6ms)[0m  CREATE  INDEX  "index_month_ideas_on_idea_id" ON "month_ideas"  ("idea_id")
  [1m[36mSQL (0.0ms)[0m  [1mINSERT INTO "schema_migrations" ("version") VALUES ($1)[0m  [["version", "20151112115720"]]
  [1m[35m (0.0ms)[0m  COMMIT
  [1m[36mActiveRecord::SchemaMigration Load (0.0ms)[0m  [1mSELECT "schema_migrations".* FROM "schema_migrations"[0m
  [1m[35m (15.6ms)[0m  SELECT t2.oid::regclass::text AS to_table, a1.attname AS column, a2.attname AS primary_key, c.conname AS name, c.confupdtype AS on_update, c.confdeltype AS on_delete
FROM pg_constraint c
JOIN pg_class t1 ON c.conrelid = t1.oid
JOIN pg_class t2 ON c.confrelid = t2.oid
JOIN pg_attribute a1 ON a1.attnum = c.conkey[1] AND a1.attrelid = t1.oid
JOIN pg_attribute a2 ON a2.attnum = c.confkey[1] AND a2.attrelid = t2.oid
JOIN pg_namespace t3 ON c.connamespace = t3.oid
WHERE c.contype = 'f'
  AND t1.relname = 'contacts'
  AND t3.nspname = ANY (current_schemas(false))
ORDER BY c.conname

  [1m[36m (0.0ms)[0m  [1mSELECT t2.oid::regclass::text AS to_table, a1.attname AS column, a2.attname AS primary_key, c.conname AS name, c.confupdtype AS on_update, c.confdeltype AS on_delete
FROM pg_constraint c
JOIN pg_class t1 ON c.conrelid = t1.oid
JOIN pg_class t2 ON c.confrelid = t2.oid
JOIN pg_attribute a1 ON a1.attnum = c.conkey[1] AND a1.attrelid = t1.oid
JOIN pg_attribute a2 ON a2.attnum = c.confkey[1] AND a2.attrelid = t2.oid
JOIN pg_namespace t3 ON c.connamespace = t3.oid
WHERE c.contype = 'f'
  AND t1.relname = 'ideas'
  AND t3.nspname = ANY (current_schemas(false))
ORDER BY c.conname
[0m
  [1m[35m (0.0ms)[0m  SELECT t2.oid::regclass::text AS to_table, a1.attname AS column, a2.attname AS primary_key, c.conname AS name, c.confupdtype AS on_update, c.confdeltype AS on_delete
FROM pg_constraint c
JOIN pg_class t1 ON c.conrelid = t1.oid
JOIN pg_class t2 ON c.confrelid = t2.oid
JOIN pg_attribute a1 ON a1.attnum = c.conkey[1] AND a1.attrelid = t1.oid
JOIN pg_attribute a2 ON a2.attnum = c.confkey[1] AND a2.attrelid = t2.oid
JOIN pg_namespace t3 ON c.connamespace = t3.oid
WHERE c.contype = 'f'
  AND t1.relname = 'month_ideas'
  AND t3.nspname = ANY (current_schemas(false))
ORDER BY c.conname

  [1m[36m (15.6ms)[0m  [1mSELECT t2.oid::regclass::text AS to_table, a1.attname AS column, a2.attname AS primary_key, c.conname AS name, c.confupdtype AS on_update, c.confdeltype AS on_delete
FROM pg_constraint c
JOIN pg_class t1 ON c.conrelid = t1.oid
JOIN pg_class t2 ON c.confrelid = t2.oid
JOIN pg_attribute a1 ON a1.attnum = c.conkey[1] AND a1.attrelid = t1.oid
JOIN pg_attribute a2 ON a2.attnum = c.confkey[1] AND a2.attrelid = t2.oid
JOIN pg_namespace t3 ON c.connamespace = t3.oid
WHERE c.contype = 'f'
  AND t1.relname = 'topics'
  AND t3.nspname = ANY (current_schemas(false))
ORDER BY c.conname
[0m


Started GET "/" for ::1 at 2015-11-16 13:53:30 +0000
  [1m[36mActiveRecord::SchemaMigration Load (0.5ms)[0m  [1mSELECT "schema_migrations".* FROM "schema_migrations"[0m
Processing by WelcomeController#index as HTML
  [1m[35m (1.0ms)[0m  SELECT COUNT(*) FROM "month_ideas"
  [1m[36mIdea Load (1.0ms)[0m  [1mSELECT  *,(upvotes - downvotes) as racio FROM "ideas" WHERE "ideas"."approved" = $1  ORDER BY racio DESC LIMIT 1[0m  [["approved", "t"]]
  Rendered layouts/_pt_header.html.erb (1.0ms)
  [1m[35m (0.5ms)[0m  SELECT COUNT(*) FROM "ideas"
  Rendered ideas/_new.html.erb (53.0ms)
  Rendered welcome/index.html.erb within layouts/application (81.6ms)
  Rendered layouts/_header.html.erb (879.8ms)
  Rendered layouts/_footer.html.erb (0.5ms)
Completed 200 OK in 1121ms (Views: 1004.7ms | ActiveRecord: 4.5ms)


Started GET "/" for ::1 at 2015-11-16 13:53:32 +0000
Processing by WelcomeController#index as HTML
  [1m[36m (0.0ms)[0m  [1mSELECT COUNT(*) FROM "month_ideas"[0m
  [1m[35mIdea Load (0.5ms)[0m  SELECT  *,(upvotes - downvotes) as racio FROM "ideas" WHERE "ideas"."approved" = $1  ORDER BY racio DESC LIMIT 1  [["approved", "t"]]
  Rendered layouts/_pt_header.html.erb (0.5ms)
  [1m[36m (0.5ms)[0m  [1mSELECT COUNT(*) FROM "ideas"[0m
  Rendered ideas/_new.html.erb (1.0ms)
  Rendered welcome/index.html.erb within layouts/application (7.9ms)
  Rendered layouts/_header.html.erb (423.8ms)
  Rendered layouts/_footer.html.erb (0.0ms)
Completed 200 OK in 443ms (Views: 438.2ms | ActiveRecord: 1.0ms)


Started GET "/assets/bg.jpg" for ::1 at 2015-11-16 13:53:33 +0000


Started GET "/assets/counter/counter.png" for ::1 at 2015-11-16 13:53:33 +0000


Started GET "/" for ::1 at 2015-11-16 13:54:44 +0000
Processing by WelcomeController#index as HTML
  [1m[35m (0.0ms)[0m  SELECT COUNT(*) FROM "month_ideas"
  [1m[36mIdea Load (0.0ms)[0m  [1mSELECT  *,(upvotes - downvotes) as racio FROM "ideas" WHERE "ideas"."approved" = $1  ORDER BY racio DESC LIMIT 1[0m  [["approved", "t"]]
  Rendered layouts/_pt_header.html.erb (0.0ms)
  [1m[35m (0.0ms)[0m  SELECT COUNT(*) FROM "ideas"
  Rendered ideas/_new.html.erb (4.0ms)
  Rendered welcome/index.html.erb within layouts/application (8.0ms)
  Rendered layouts/_header.html.erb (448.0ms)
  Rendered layouts/_footer.html.erb (0.0ms)
Completed 200 OK in 468ms (Views: 460.0ms | ActiveRecord: 0.0ms)


Started GET "/assets/admin.self-1ae1203424e50cd7544d189d661484b30ba0d7faf9c53624e691057e630c57dd.css?body=1" for ::1 at 2015-11-16 13:54:44 +0000


Started GET "/assets/counter/counter.self-629386082c254387786dfb828b40e39c957369708c0f2427c5cc03cd847829dd.css?body=1" for ::1 at 2015-11-16 13:54:44 +0000


Started GET "/assets/approve_ideas.self-adfbaca789892a2e18b056a8e9812cba4af8a52a901e76994e1fba51cabfe44f.css?body=1" for ::1 at 2015-11-16 13:54:44 +0000


Started GET "/assets/bootstrap.self-90db4b382953a7cf7b5e458478bd02104e0136813b871030bafe274f308eea83.css?body=1" for ::1 at 2015-11-16 13:54:44 +0000


Started GET "/assets/bootstrap.min.self-b5e9b320bd103676670c826a23239a86169949b9b5a0bf2f9e8158e7a65950a3.css?body=1" for ::1 at 2015-11-16 13:54:44 +0000


Started GET "/assets/contacts.self-e3b0c44298fc1c149afbf4c8996fb92427ae41e4649b934ca495991b7852b855.css?body=1" for ::1 at 2015-11-16 13:54:44 +0000


Started GET "/assets/ideas.self-686e1a4f1416bbe48b28913fb5fc1e1ba67bfabeb2f58098e87e36f32f962c7c.css?body=1" for ::1 at 2015-11-16 13:54:44 +0000


Started GET "/assets/month_idea.self-e3b0c44298fc1c149afbf4c8996fb92427ae41e4649b934ca495991b7852b855.css?body=1" for ::1 at 2015-11-16 13:54:44 +0000


Started GET "/assets/topics.self-e3b0c44298fc1c149afbf4c8996fb92427ae41e4649b934ca495991b7852b855.css?body=1" for ::1 at 2015-11-16 13:54:44 +0000


Started GET "/assets/received_contacts.self-e3b0c44298fc1c149afbf4c8996fb92427ae41e4649b934ca495991b7852b855.css?body=1" for ::1 at 2015-11-16 13:54:44 +0000


Started GET "/assets/welcome.self-0fa7f0a8f025ee8b529846e6d831bc2fe72f9d29eed636776613ed47532924e8.css?body=1" for ::1 at 2015-11-16 13:54:44 +0000


Started GET "/assets/application.self-a9c9857323337140974fa333738c9a7b59a639941a133a561a71792b06841ae8.css?body=1" for ::1 at 2015-11-16 13:54:44 +0000


Started GET "/assets/jquery.self-aedf0b4f9535e7b1d01d6a9ad81e6ecdb5b9a82acf17f3798645b7dbca2d86a1.js?body=1" for ::1 at 2015-11-16 13:54:44 +0000


Started GET "/assets/jquery.turbolinks.self-176b9819f30444d441e820bbccd3264fe57753aeafd54dec732b0dbc77129a2a.js?body=1" for ::1 at 2015-11-16 13:54:44 +0000


Started GET "/assets/bootstrap/affix.self-d2b642d8fbfc1d7041e2edefd66683ada567a980789dcd6f94fddda0b33408b5.js?body=1" for ::1 at 2015-11-16 13:54:44 +0000


Started GET "/assets/jquery_ujs.self-d456baa54c1fa6be2ec3711f0a72ddf7a5b2f34a6b4f515f33767d6207b7d4b3.js?body=1" for ::1 at 2015-11-16 13:54:44 +0000


Started GET "/assets/bootstrap/alert.self-a29e91e8cd3ddaba9bbc466901d53ec2127e9256b9b941905d525a3a716bd1a5.js?body=1" for ::1 at 2015-11-16 13:54:44 +0000


Started GET "/assets/bootstrap/button.self-a6cb16785434acb365ae426aef9f1fce05ed553cae7a965e4471c3da71509175.js?body=1" for ::1 at 2015-11-16 13:54:44 +0000


Started GET "/assets/bootstrap/carousel.self-57eb8422043cf0a85b7a9dc6843916eb0a3e35b419c7798a5eb254b918997631.js?body=1" for ::1 at 2015-11-16 13:54:45 +0000


Started GET "/assets/bootstrap/collapse.self-7dc8bfbc2fbfabd2bad62c58ff8ffeaf8f20fb87c7ca6cd35f06d4dc19632587.js?body=1" for ::1 at 2015-11-16 13:54:45 +0000


Started GET "/assets/bootstrap/dropdown.self-9314126777c6be5443e37ea7f7967d7914d72b3e60449ba50edc967446373059.js?body=1" for ::1 at 2015-11-16 13:54:45 +0000


Started GET "/assets/bootstrap/tab.self-122235057fbd4c6c7da377d59dc58f47b44cb1088a2e38e6ee6ce9d8ac29a26a.js?body=1" for ::1 at 2015-11-16 13:54:45 +0000


Started GET "/assets/bootstrap/transition.self-09ff30b1e8a93d1f7728b9855f55d9c9d8d5734c8861e0d8139994e50944572a.js?body=1" for ::1 at 2015-11-16 13:54:45 +0000


Started GET "/assets/bootstrap/scrollspy.self-a155b9d4b2f978905f0326c0f6635e1134fe91c6bfbfcbad079fa24a9fef2b0e.js?body=1" for ::1 at 2015-11-16 13:54:45 +0000


Started GET "/assets/bootstrap/modal.self-72f95ffa1071297725a9ac91989693d56d1abf23f441a47455073b0da2857a5b.js?body=1" for ::1 at 2015-11-16 13:54:45 +0000


Started GET "/assets/bootstrap/tooltip.self-11cf547be953f25f511cec668f6690473fd97b2f65502e4032f4030999a3f0c3.js?body=1" for ::1 at 2015-11-16 13:54:45 +0000


Started GET "/assets/bootstrap/popover.self-77d8e3a2499c1104ef146396a68b82469ee2bdb365199b874694698d10405e9a.js?body=1" for ::1 at 2015-11-16 13:54:45 +0000


Started GET "/assets/bootstrap-sprockets.self-fbfa5ad7d9aa0afe439ec4ff3883acc4cb92b62cb67c40d674320c9aa1d4642d.js?body=1" for ::1 at 2015-11-16 13:54:45 +0000


Started GET "/assets/turbolinks.self-c37727e9bd6b2735da5c311aa83fead54ed0be6cc8bd9a65309e9c5abe2cbfff.js?body=1" for ::1 at 2015-11-16 13:54:45 +0000


Started GET "/assets/admin.self-877aef30ae1b040ab8a3aba4e3e309a11d7f2612f44dde450b5c157aa5f95c05.js?body=1" for ::1 at 2015-11-16 13:54:45 +0000


Started GET "/assets/approve_ideas.self-877aef30ae1b040ab8a3aba4e3e309a11d7f2612f44dde450b5c157aa5f95c05.js?body=1" for ::1 at 2015-11-16 13:54:45 +0000


Started GET "/assets/bootstrap.self-6799543df5db68d89be87d27e42d12cf99bf6a3f7cdb704e9bc4e50e8ad61ceb.js?body=1" for ::1 at 2015-11-16 13:54:45 +0000


Started GET "/assets/bootstrap.min.self-d66e555f160df017adf1ca16a36cd609a36d49c51637e365c5b8847d0065fa40.js?body=1" for ::1 at 2015-11-16 13:54:45 +0000


Started GET "/assets/contacts.self-877aef30ae1b040ab8a3aba4e3e309a11d7f2612f44dde450b5c157aa5f95c05.js?body=1" for ::1 at 2015-11-16 13:54:45 +0000


Started GET "/assets/counter.self-b175ca955a0fecfdad9aa833eaeb2a393d814a57dae232a51f7d12945a60e559.js?body=1" for ::1 at 2015-11-16 13:54:45 +0000


Started GET "/assets/idea_lab.self-1058ceff2ee1da820fc5e2ae2ee6d5fddd6a5ddfe1dfeaca991c44330f4d49c9.js?body=1" for ::1 at 2015-11-16 13:54:45 +0000


Started GET "/assets/ideas.self-877aef30ae1b040ab8a3aba4e3e309a11d7f2612f44dde450b5c157aa5f95c05.js?body=1" for ::1 at 2015-11-16 13:54:45 +0000


Started GET "/assets/month_idea.self-877aef30ae1b040ab8a3aba4e3e309a11d7f2612f44dde450b5c157aa5f95c05.js?body=1" for ::1 at 2015-11-16 13:54:45 +0000


Started GET "/assets/received_contacts.self-877aef30ae1b040ab8a3aba4e3e309a11d7f2612f44dde450b5c157aa5f95c05.js?body=1" for ::1 at 2015-11-16 13:54:45 +0000


Started GET "/assets/topics.self-877aef30ae1b040ab8a3aba4e3e309a11d7f2612f44dde450b5c157aa5f95c05.js?body=1" for ::1 at 2015-11-16 13:54:45 +0000


Started GET "/assets/welcome.self-877aef30ae1b040ab8a3aba4e3e309a11d7f2612f44dde450b5c157aa5f95c05.js?body=1" for ::1 at 2015-11-16 13:54:45 +0000


Started GET "/assets/application.self-44c454e4e225a0e41341a3b31f0bd6429d3a19d5164936162a15717dcf1de58a.js?body=1" for ::1 at 2015-11-16 13:54:45 +0000


Started GET "/assets/bg.jpg" for ::1 at 2015-11-16 13:54:45 +0000
